[04:29:34] [ServerMain/INFO]: [bootstrap] Running Java 21 (OpenJDK 64-Bit Server VM 21.0.7+6-Ubuntu-0ubuntu124.04; Ubuntu null) on Linux 6.8.0-1027-azure (amd64)
[04:29:34] [ServerMain/INFO]: [bootstrap] Loading Paper 1.21.8-6-main@782ce95 (2025-07-18T20:26:58Z) for Minecraft 1.21.8
[04:29:34] [ServerMain/INFO]: [PluginInitializerManager] Initializing plugins...
[04:29:34] [ServerMain/INFO]: [PluginInitializerManager] Initialized 2 plugins
[04:29:34] [ServerMain/INFO]: [PluginInitializerManager] Bukkit plugins (2):
 - SimpleTpa (7.8), SkinsRestorer (15.7.7)
[04:29:39] [ServerMain/INFO]: Environment: Environment[sessionHost=https://sessionserver.mojang.com, servicesHost=https://api.minecraftservices.com, name=PROD]
[04:29:41] [ServerMain/INFO]: Loaded 1407 recipes
[04:29:41] [ServerMain/INFO]: Loaded 1520 advancements
[04:29:41] [ServerMain/INFO]: [ca.spottedleaf.dataconverter.minecraft.datatypes.MCTypeRegistry] Initialising converters for DataConverter...
[04:29:42] [ServerMain/INFO]: [ca.spottedleaf.dataconverter.minecraft.datatypes.MCTypeRegistry] Finished initialising converters for DataConverter in 418.0ms
[04:29:42] [Server thread/INFO]: Starting minecraft server version 1.21.8
[04:29:42] [Server thread/INFO]: Loading properties
[04:29:42] [Server thread/INFO]: This server is running Paper version 1.21.8-6-main@782ce95 (2025-07-18T20:26:58Z) (Implementing API version 1.21.8-R0.1-SNAPSHOT)
[04:29:42] [Server thread/INFO]: [spark] This server bundles the spark profiler. For more information please visit https://docs.papermc.io/paper/profiling
[04:29:42] [Server thread/INFO]: Server Ping Player Sample Count: 12
[04:29:42] [Server thread/INFO]: Using 4 threads for Netty based IO
[04:29:43] [Server thread/INFO]: [MoonriseCommon] Paper is using 1 worker threads, 1 I/O threads
[04:29:43] [Server thread/INFO]: [ChunkTaskScheduler] Chunk system is using population gen parallelism: true
[04:29:44] [Server thread/INFO]: Default game type: SURVIVAL
[04:29:44] [Server thread/INFO]: Generating keypair
[04:29:44] [Server thread/INFO]: Starting Minecraft server on *:25565
[04:29:44] [Server thread/INFO]: Using epoll channel type
[04:29:44] [Server thread/INFO]: Paper: Using libdeflate (Linux x86_64) compression from Velocity.
[04:29:44] [Server thread/INFO]: Paper: Using OpenSSL 3.x.x (Linux x86_64) cipher from Velocity.
[04:29:44] [Server thread/INFO]: [SimpleTpa] Loading server plugin SimpleTpa v7.8
[04:29:44] [Server thread/INFO]: [SkinsRestorer] Loading server plugin SkinsRestorer v15.7.7
[04:29:44] [Server thread/INFO]: Server permissions file permissions.yml is empty, ignoring it
[04:29:44] [Server thread/INFO]: [SkinsRestorer] Enabling SkinsRestorer v15.7.7
[04:29:46] [Server thread/INFO]: [SkinsRestorer] Running on Minecraft 1.21.8.
[04:29:46] [Server thread/INFO]: [SkinsRestorer] Using paper join listener!
[04:29:46] [Server thread/WARN]: **** SERVER IS RUNNING IN OFFLINE/INSECURE MODE!
[04:29:46] [Server thread/WARN]: The server will make no attempt to authenticate usernames. Beware.
[04:29:46] [Server thread/WARN]: While this makes the game possible to play without internet access, it also opens up the ability for hackers to connect with any username they choose.
[04:29:46] [Server thread/WARN]: To change this, set "online-mode" to "true" in the server.properties file.
[04:29:46] [Server thread/INFO]: Preparing level "world"
[04:29:46] [Folia Async Scheduler Thread #1/INFO]: [SkinsRestorer] ----------------------------------------------
[04:29:46] [Folia Async Scheduler Thread #1/INFO]: [SkinsRestorer]     +==================+
[04:29:46] [Folia Async Scheduler Thread #1/INFO]: [SkinsRestorer]     |   SkinsRestorer  |
[04:29:46] [Folia Async Scheduler Thread #1/INFO]: [SkinsRestorer]     |------------------|
[04:29:46] [Folia Async Scheduler Thread #1/INFO]: [SkinsRestorer]     |  Standalone Mode |
[04:29:46] [Folia Async Scheduler Thread #1/INFO]: [SkinsRestorer]     +==================+
[04:29:46] [Folia Async Scheduler Thread #1/INFO]: [SkinsRestorer] ----------------------------------------------
[04:29:46] [Folia Async Scheduler Thread #1/INFO]: [SkinsRestorer]     Version: 15.7.7
[04:29:46] [Folia Async Scheduler Thread #1/INFO]: [SkinsRestorer]     Commit: 7eff058
[04:29:46] [Folia Async Scheduler Thread #1/INFO]: [SkinsRestorer]     This is the latest version!
[04:29:46] [Folia Async Scheduler Thread #1/INFO]: [SkinsRestorer] ----------------------------------------------
[04:29:46] [Folia Async Scheduler Thread #1/INFO]: [SkinsRestorer] Do you have issues? Read our troubleshooting guide: https://skinsrestorer.net/docs/troubleshooting
[04:29:46] [Folia Async Scheduler Thread #1/INFO]: [SkinsRestorer] Want to support SkinsRestorer? Consider donating: https://skinsrestorer.net/donate
[04:29:47] [Server thread/INFO]: Preparing start region for dimension minecraft:overworld
[04:29:47] [Server thread/INFO]: Preparing spawn area: 0%
[04:29:47] [Server thread/INFO]: Preparing spawn area: 0%
[04:29:48] [Server thread/INFO]: Preparing spawn area: 0%
[04:29:48] [Server thread/INFO]: Time elapsed: 1237 ms
[04:29:48] [Server thread/INFO]: Preparing start region for dimension minecraft:the_nether
[04:29:48] [Server thread/INFO]: Preparing spawn area: 0%
[04:29:48] [Server thread/INFO]: Time elapsed: 258 ms
[04:29:48] [Server thread/INFO]: Preparing start region for dimension minecraft:the_end
[04:29:48] [Server thread/INFO]: Preparing spawn area: 0%
[04:29:49] [Server thread/INFO]: Time elapsed: 256 ms
[04:29:49] [Server thread/INFO]: [SimpleTpa] Enabling SimpleTpa v7.8
[04:29:49] [Server thread/INFO]: [SimpleTpa] If you need support contact me at https://discord.gg/SZUkza9
[04:29:49] [Server thread/INFO]: [SimpleTpa] Simple Tpa has been enabled on version 7.8
[04:29:49] [Server thread/INFO]: Enabled metrics. You may opt-out by changing plugins/bStats/config.yml
[04:29:49] [Server thread/INFO]: [spark] Starting background profiler...
[04:29:49] [Server thread/INFO]: Done preparing level "world" (2.886s)
[04:29:49] [Server thread/INFO]: Running delayed init tasks
[04:29:49] [Server thread/INFO]: Done (16.235s)! For help, type "help"
[04:30:49] [Server thread/INFO]: Server empty for 60 seconds, pausing
[04:31:35] [User Authenticator #0/INFO]: UUID of player MS_iAlexis is 534c469a-bc95-3bf7-95a5-259a8515b99a
[04:31:35] [Server thread/INFO]: [HorriblePlayerLoginEventHack] You have plugins listening to the PlayerLoginEvent, this will cause re-configuration APIs to be unavailable: [SkinsRestorer]
[04:31:36] [Server thread/INFO]: MS_iAlexis joined the game
[04:31:36] [Server thread/INFO]: MS_iAlexis[/127.239.118.151:36865] logged in with entity id 97 at ([world]-33.5, 63.0, 39.5)
[04:35:46] [User Authenticator #1/INFO]: UUID of player Johaanw is 42f47e0a-8535-351e-974a-c497de851e22
[04:35:47] [Server thread/INFO]: Johaanw joined the game
[04:35:47] [Server thread/INFO]: Johaanw[/127.180.57.64:37203] logged in with entity id 632 at ([world]-21.05030060461715, 63.0, 44.38848368206269)
[04:35:52] [Async Chat Thread - #0/INFO]: [Not Secure] <Johaanw> WAZ
[04:35:56] [Async Chat Thread - #0/INFO]: [Not Secure] <Johaanw> WAZA
[04:36:10] [Server thread/INFO]: Johaanw lost connection: Disconnected
[04:36:10] [Server thread/INFO]: Johaanw left the game
[04:36:37] [User Authenticator #1/INFO]: UUID of player JoseRF is a051c480-6dd5-31f3-9223-ff2384516003
[04:36:38] [Server thread/INFO]: JoseRF joined the game
[04:36:38] [Server thread/INFO]: JoseRF[/127.111.158.116:58703] logged in with entity id 734 at ([world]-41.5, 75.0, 34.5)
[04:39:06] [Async Chat Thread - #2/INFO]: [Not Secure] <JoseRF> no puedo romper bloques
[04:39:48] [Server thread/INFO]: JoseRF was slain by Enderman
[04:40:03] [Server thread/INFO]: MS_iAlexis was slain by Enderman
[04:40:03] [Server thread/INFO]: JoseRF lost connection: Disconnected
[04:40:03] [Server thread/INFO]: JoseRF left the game
[04:40:59] [User Authenticator #2/INFO]: UUID of player Johaanw is 42f47e0a-8535-351e-974a-c497de851e22
[04:41:00] [Server thread/INFO]: Johaanw joined the game
[04:41:00] [Server thread/INFO]: Johaanw[/127.180.57.64:43561] logged in with entity id 1770 at ([world]-8.792972047073167, 61.0, 30.30000001192093)
[04:41:04] [Async Chat Thread - #4/INFO]: [Not Secure] <Johaanw> AS
[04:41:07] [Server thread/INFO]: Johaanw issued server command: /tpa MS_iAlexis
[04:41:11] [Async Chat Thread - #4/INFO]: [Not Secure] <Johaanw> acepta tp
[04:41:18] [Server thread/INFO]: MS_iAlexis issued server command: /TPACCEPT
[04:41:25] [Server thread/INFO]: MS_iAlexis issued server command: /tpaccept
[04:41:48] [Async Chat Thread - #4/INFO]: [Not Secure] <Johaanw> con ./tpa (nombre te tepas)
[04:41:57] [Async Chat Thread - #4/INFO]: [Not Secure] <MS_iAlexis> ojo
[04:42:07] [Async Chat Thread - #4/INFO]: [Not Secure] <Johaanw> ./skin es pa la skin :v
[04:42:22] [Async Chat Thread - #4/INFO]: [Not Secure] <Johaanw> le pongo chat de voz
[04:42:25] [Async Chat Thread - #4/INFO]: [Not Secure] <Johaanw> para hablar x el juego
[04:42:37] [Async Chat Thread - #4/INFO]: [Not Secure] <MS_iAlexis> pero tenemos que instalar algo?
[04:42:40] [Async Chat Thread - #4/INFO]: [Not Secure] <Johaanw> no
[04:42:53] [Async Chat Thread - #4/INFO]: [Not Secure] <Johaanw> creo :v te aviso
[04:43:00] [Server thread/INFO]: Johaanw has made the advancement [Stone Age]
[04:43:11] [Server thread/INFO]: Johaanw has made the advancement [Getting an Upgrade]
[04:44:41] [Server thread/INFO]: MS_iAlexis has made the advancement [Stone Age]
[04:50:08] [Server thread/INFO]: Johaanw lost connection: Disconnected
[04:50:08] [Server thread/INFO]: Johaanw left the game
[04:50:34] [Server thread/INFO]: MS_iAlexis has made the advancement [Getting an Upgrade]
[04:52:48] [User Authenticator #3/INFO]: UUID of player Johaanw is 42f47e0a-8535-351e-974a-c497de851e22
[04:52:49] [Server thread/INFO]: Johaanw joined the game
[04:52:49] [Server thread/INFO]: Johaanw[/127.180.57.64:42901] logged in with entity id 4165 at ([world]-420.69999998807907, 66.0, 106.05023317313321)
[04:52:54] [Server thread/INFO]: Johaanw has made the advancement [Sweet Dreams]
[04:52:55] [Async Chat Thread - #6/INFO]: [Not Secure] <Johaanw> zzzzzzz
[04:52:56] [Async Chat Thread - #6/INFO]: [Not Secure] <Johaanw> duerme :v
[04:53:06] [Server thread/INFO]: Johaanw has made the advancement [Monster Hunter]
[04:53:09] [Async Chat Thread - #6/INFO]: [Not Secure] <MS_iAlexis> no tengo cama
[04:53:13] [Async Chat Thread - #6/INFO]: [Not Secure] <Johaanw> xd
[04:54:17] [Server thread/INFO]: Johaanw lost connection: Disconnected
[04:54:17] [Server thread/INFO]: Johaanw left the game
[04:54:30] [User Authenticator #4/INFO]: UUID of player Johaanw is 42f47e0a-8535-351e-974a-c497de851e22
[04:54:30] [Server thread/INFO]: Johaanw joined the game
[04:54:30] [Server thread/INFO]: Johaanw[/127.180.57.64:58337] logged in with entity id 4499 at ([world]-421.9661760812963, 66.0, 105.69999998807907)
[04:55:20] [Server thread/INFO]: MS_iAlexis has made the advancement [Monster Hunter]
[04:56:07] [Server thread/INFO]: Johaanw has made the advancement [Acquire Hardware]
[04:57:55] [Server thread/INFO]: MS_iAlexis has made the advancement [Sweet Dreams]
[04:57:57] [Async Chat Thread - #8/INFO]: [Not Secure] <MS_iAlexis> zzz
[04:58:02] [Server thread/INFO]: Johaanw lost connection: Disconnected
[04:58:02] [Server thread/INFO]: Johaanw left the game
[04:58:09] [User Authenticator #5/INFO]: UUID of player Johaanw is 42f47e0a-8535-351e-974a-c497de851e22
[04:58:09] [Server thread/INFO]: Johaanw joined the game
[04:58:09] [Server thread/INFO]: Johaanw[/127.180.57.64:47411] logged in with entity id 5396 at ([world]-462.46188167639997, 16.798653326180858, 108.10866075084618)
[04:58:18] [Async Chat Thread - #8/INFO]: [Not Secure] <Johaanw> se hizo de dia?
[05:00:11] [Server thread/INFO]: Johaanw has made the advancement [Isn't It Iron Pick]
[05:01:09] [Server thread/INFO]: Johaanw has made the advancement [Diamonds!]
[05:01:10] [Async Chat Thread - #10/INFO]: [Not Secure] <Johaanw> waza
[05:02:16] [Server thread/INFO]: Johaanw issued server command: /skin MS_Johann
[05:09:28] [Server thread/INFO]: Johaanw lost connection: Disconnected
[05:09:28] [Server thread/INFO]: Johaanw left the game
[05:11:24] [User Authenticator #6/INFO]: UUID of player Johaanw is 42f47e0a-8535-351e-974a-c497de851e22
[05:11:25] [Server thread/INFO]: Johaanw joined the game
[05:11:25] [Server thread/INFO]: Johaanw[/127.180.57.64:58399] logged in with entity id 8291 at ([world]-476.69999998807907, -5.0, 106.69999998807907)
[05:13:12] [Server thread/INFO]: Johaanw has made the advancement [Suit Up]
[05:15:17] [Server thread/INFO]: MS_iAlexis lost connection: Disconnected
[05:15:17] [Server thread/INFO]: MS_iAlexis left the game
[05:19:18] [Server thread/INFO]: Johaanw issued server command: /home
[05:19:21] [Server thread/INFO]: Johaanw issued server command: /sethome
[05:29:45] [Server thread/INFO]: Johaanw has made the advancement [Not Today, Thank You]
[05:34:01] [Server thread/INFO]: Johaanw lost connection: Disconnected
[05:34:01] [Server thread/INFO]: Johaanw left the game
[05:34:10] [Server thread/INFO]: Stopping the server
[05:34:10] [Server thread/INFO]: Stopping server
[05:34:10] [Server thread/INFO]: [SkinsRestorer] Disabling SkinsRestorer v15.7.7
[05:34:10] [Server thread/INFO]: [SimpleTpa] Disabling SimpleTpa v7.8
[05:34:10] [Server thread/INFO]: [SimpleTpa] If you need support contact me at https://discord.gg/SZUkza9
[05:34:10] [Server thread/INFO]: [SimpleTpa] Simple Tpa has been disabled on version 7.8
[05:34:10] [Server thread/INFO]: Saving players
[05:34:10] [Server thread/INFO]: Saving worlds
[05:34:10] [Server thread/INFO]: Saving chunks for level 'ServerLevel[world]'/minecraft:overworld
[05:34:10] [Server thread/INFO]: [ChunkHolderManager] Waiting 60s for chunk system to halt for world 'world'
[05:34:10] [Server thread/INFO]: [ChunkHolderManager] Halted chunk system for world 'world'
[05:34:10] [Server thread/INFO]: [ChunkHolderManager] Saving all chunkholders for world 'world'
[05:34:11] [Server thread/INFO]: [ChunkHolderManager] Saved 444 block chunks, 237 entity chunks, 0 poi chunks in world 'world' in 0.44s
[05:34:11] [Server thread/INFO]: [ChunkHolderManager] Waiting 60s for chunk I/O to halt for world 'world'
[05:34:11] [Server thread/INFO]: [ChunkHolderManager] Halted I/O scheduler for world 'world'
[05:34:11] [Server thread/INFO]: Saving chunks for level 'ServerLevel[world_nether]'/minecraft:the_nether
[05:34:11] [Server thread/INFO]: [ChunkHolderManager] Waiting 60s for chunk system to halt for world 'world_nether'
[05:34:11] [Server thread/INFO]: [ChunkHolderManager] Halted chunk system for world 'world_nether'
[05:34:11] [Server thread/INFO]: [ChunkHolderManager] Saving all chunkholders for world 'world_nether'
[05:34:11] [Server thread/INFO]: [ChunkHolderManager] Saved 0 block chunks, 0 entity chunks, 0 poi chunks in world 'world_nether' in 0.00s
[05:34:11] [Server thread/INFO]: [ChunkHolderManager] Waiting 60s for chunk I/O to halt for world 'world_nether'
[05:34:11] [Server thread/INFO]: [ChunkHolderManager] Halted I/O scheduler for world 'world_nether'
[05:34:11] [Server thread/INFO]: Saving chunks for level 'ServerLevel[world_the_end]'/minecraft:the_end
[05:34:11] [Server thread/INFO]: [ChunkHolderManager] Waiting 60s for chunk system to halt for world 'world_the_end'
[05:34:11] [Server thread/INFO]: [ChunkHolderManager] Halted chunk system for world 'world_the_end'
[05:34:11] [Server thread/INFO]: [ChunkHolderManager] Saving all chunkholders for world 'world_the_end'
[05:34:11] [Server thread/INFO]: [ChunkHolderManager] Saved 0 block chunks, 4 entity chunks, 0 poi chunks in world 'world_the_end' in 0.00s
[05:34:11] [Server thread/INFO]: [ChunkHolderManager] Waiting 60s for chunk I/O to halt for world 'world_the_end'
[05:34:11] [Server thread/INFO]: [ChunkHolderManager] Halted I/O scheduler for world 'world_the_end'
[05:34:11] [Server thread/INFO]: ThreadedAnvilChunkStorage (world): All chunks are saved
[05:34:11] [Server thread/INFO]: ThreadedAnvilChunkStorage (DIM-1): All chunks are saved
[05:34:11] [Server thread/INFO]: ThreadedAnvilChunkStorage (DIM1): All chunks are saved
[05:34:11] [Server thread/INFO]: ThreadedAnvilChunkStorage: All dimensions are saved
[05:34:11] [Server thread/INFO]: Waiting for all RegionFile I/O tasks to complete...
[05:34:11] [Server thread/INFO]: All RegionFile I/O tasks to complete
[05:34:11] [Server thread/INFO]: [MoonriseCommon] Awaiting termination of worker pool for up to 60s...
[05:34:11] [Server thread/INFO]: [MoonriseCommon] Awaiting termination of I/O pool for up to 60s...
